<?xml version="1.0" encoding="UTF-8"?>
<!-- Generated by org.testng.reporters.JUnitReportReporter -->
<testsuite skipped="0" hostname="gpatwa-mn2.linkedin.biz" name="coding.CardTestCase" tests="1" failures="0" timestamp="08 Feb 2019 07:04:14 GMT" time="0.057" errors="0">
  <testcase name="testCardSort" time="0.057" classname="coding.CardTestCase"/>
</testsuite> <!-- coding.CardTestCase -->
